<?xml version="1.0" encoding="UTF-8"?>
<testng-results ignored="0" total="1" passed="1" failed="0" skipped="0">
  <reporter-output>
  </reporter-output>
  <suite started-at="2021-02-13T07:05:20Z" name="OrangeHRDemo" finished-at="2021-02-13T07:06:11Z" duration-ms="51534">
    <groups>
    </groups>
    <test started-at="2021-02-13T07:05:20Z" name="Regression" finished-at="2021-02-13T07:06:11Z" duration-ms="51534">
      <class name="com.implementation.selenium.TestCases.TestLoginPage">
        <test-method is-config="true" signature="setUp()[pri:0, instance:com.implementation.selenium.TestCases.TestLoginPage@18271936]" started-at="2021-02-13T07:05:20Z" name="setUp" finished-at="2021-02-13T07:05:55Z" duration-ms="34677" status="PASS">
          <reporter-output>
          </reporter-output>
        </test-method> <!-- setUp -->
        <test-method signature="loginCheck()[pri:0, instance:com.implementation.selenium.TestCases.TestLoginPage@18271936]" started-at="2021-02-13T07:05:55Z" name="loginCheck" finished-at="2021-02-13T07:06:11Z" duration-ms="16164" status="PASS">
          <reporter-output>
          </reporter-output>
        </test-method> <!-- loginCheck -->
        <test-method is-config="true" signature="closeBrowser()[pri:0, instance:com.implementation.selenium.TestCases.TestLoginPage@18271936]" started-at="2021-02-13T07:06:11Z" name="closeBrowser" finished-at="2021-02-13T07:06:11Z" duration-ms="660" status="PASS">
          <reporter-output>
          </reporter-output>
        </test-method> <!-- closeBrowser -->
      </class> <!-- com.implementation.selenium.TestCases.TestLoginPage -->
    </test> <!-- Regression -->
  </suite> <!-- OrangeHRDemo -->
</testng-results>
